2019-07-12 09:58:14,261 ERROR 84750 [-/::1/-/7ms GET /] nodejs.Error: Please set config.keys first
    at Application.get keys [as keys] (/Users/wuchong/simon/projects/egg/egg-react-multipage/node_modules/egg/lib/application.js:257:15)
    at Object.get cookies [as cookies] (/Users/wuchong/simon/projects/egg/egg-react-multipage/node_modules/egg/app/extend/context.js:22:66)
    at Object.get [egg-security#CSRF_SECRET] (/Users/wuchong/simon/projects/egg/egg-react-multipage/node_modules/egg-security/app/extend/context.js:86:33)
    at Object.ensureCsrfSecret (/Users/wuchong/simon/projects/egg/egg-react-multipage/node_modules/egg-security/app/extend/context.js:97:13)
    at csrf (/Users/wuchong/simon/projects/egg/egg-react-multipage/node_modules/egg-security/lib/middlewares/csrf.js:14:9)
    at dispatch (/Users/wuchong/simon/projects/egg/egg-react-multipage/node_modules/egg-security/node_modules/koa-compose/index.js:42:32)
    at /Users/wuchong/simon/projects/egg/egg-react-multipage/node_modules/egg-security/node_modules/koa-compose/index.js:34:12
    at dispatch (/Users/wuchong/simon/projects/egg/egg-react-multipage/node_modules/koa/node_modules/koa-compose/index.js:42:32)
    at session (/Users/wuchong/simon/projects/egg/egg-react-multipage/node_modules/koa-session/index.js:41:13)
    at dispatch (/Users/wuchong/simon/projects/egg/egg-react-multipage/node_modules/koa/node_modules/koa-compose/index.js:42:32)

pid: 84750
hostname: wuchongdeMacBook-Pro.local

2019-07-12 09:58:53,681 ERROR 84761 [-/::1/-/7ms GET /] nodejs.Error: Please set config.keys first
    at Application.get keys [as keys] (/Users/wuchong/simon/projects/egg/egg-react-multipage/node_modules/egg/lib/application.js:257:15)
    at Object.get cookies [as cookies] (/Users/wuchong/simon/projects/egg/egg-react-multipage/node_modules/egg/app/extend/context.js:22:66)
    at Object.get [egg-security#CSRF_SECRET] (/Users/wuchong/simon/projects/egg/egg-react-multipage/node_modules/egg-security/app/extend/context.js:86:33)
    at Object.ensureCsrfSecret (/Users/wuchong/simon/projects/egg/egg-react-multipage/node_modules/egg-security/app/extend/context.js:97:13)
    at csrf (/Users/wuchong/simon/projects/egg/egg-react-multipage/node_modules/egg-security/lib/middlewares/csrf.js:14:9)
    at dispatch (/Users/wuchong/simon/projects/egg/egg-react-multipage/node_modules/egg-security/node_modules/koa-compose/index.js:42:32)
    at /Users/wuchong/simon/projects/egg/egg-react-multipage/node_modules/egg-security/node_modules/koa-compose/index.js:34:12
    at dispatch (/Users/wuchong/simon/projects/egg/egg-react-multipage/node_modules/koa/node_modules/koa-compose/index.js:42:32)
    at session (/Users/wuchong/simon/projects/egg/egg-react-multipage/node_modules/koa-session/index.js:41:13)
    at dispatch (/Users/wuchong/simon/projects/egg/egg-react-multipage/node_modules/koa/node_modules/koa-compose/index.js:42:32)

pid: 84761
hostname: wuchongdeMacBook-Pro.local

2019-07-12 09:58:55,479 ERROR 84761 [-/::1/-/1ms GET /] nodejs.Error: Please set config.keys first
    at Application.get keys [as keys] (/Users/wuchong/simon/projects/egg/egg-react-multipage/node_modules/egg/lib/application.js:257:15)
    at Object.get cookies [as cookies] (/Users/wuchong/simon/projects/egg/egg-react-multipage/node_modules/egg/app/extend/context.js:22:66)
    at Object.get [egg-security#CSRF_SECRET] (/Users/wuchong/simon/projects/egg/egg-react-multipage/node_modules/egg-security/app/extend/context.js:86:33)
    at Object.ensureCsrfSecret (/Users/wuchong/simon/projects/egg/egg-react-multipage/node_modules/egg-security/app/extend/context.js:97:13)
    at csrf (/Users/wuchong/simon/projects/egg/egg-react-multipage/node_modules/egg-security/lib/middlewares/csrf.js:14:9)
    at dispatch (/Users/wuchong/simon/projects/egg/egg-react-multipage/node_modules/egg-security/node_modules/koa-compose/index.js:42:32)
    at /Users/wuchong/simon/projects/egg/egg-react-multipage/node_modules/egg-security/node_modules/koa-compose/index.js:34:12
    at dispatch (/Users/wuchong/simon/projects/egg/egg-react-multipage/node_modules/koa/node_modules/koa-compose/index.js:42:32)
    at session (/Users/wuchong/simon/projects/egg/egg-react-multipage/node_modules/koa-session/index.js:41:13)
    at dispatch (/Users/wuchong/simon/projects/egg/egg-react-multipage/node_modules/koa/node_modules/koa-compose/index.js:42:32)

pid: 84761
hostname: wuchongdeMacBook-Pro.local

2019-07-12 09:59:08,882 ERROR 84774 [-/::1/-/5ms GET /] nodejs.Error: Please set config.keys first
    at Application.get keys [as keys] (/Users/wuchong/simon/projects/egg/egg-react-multipage/node_modules/egg/lib/application.js:257:15)
    at Object.get cookies [as cookies] (/Users/wuchong/simon/projects/egg/egg-react-multipage/node_modules/egg/app/extend/context.js:22:66)
    at Object.get [egg-security#CSRF_SECRET] (/Users/wuchong/simon/projects/egg/egg-react-multipage/node_modules/egg-security/app/extend/context.js:86:33)
    at Object.ensureCsrfSecret (/Users/wuchong/simon/projects/egg/egg-react-multipage/node_modules/egg-security/app/extend/context.js:97:13)
    at csrf (/Users/wuchong/simon/projects/egg/egg-react-multipage/node_modules/egg-security/lib/middlewares/csrf.js:14:9)
    at dispatch (/Users/wuchong/simon/projects/egg/egg-react-multipage/node_modules/egg-security/node_modules/koa-compose/index.js:42:32)
    at /Users/wuchong/simon/projects/egg/egg-react-multipage/node_modules/egg-security/node_modules/koa-compose/index.js:34:12
    at dispatch (/Users/wuchong/simon/projects/egg/egg-react-multipage/node_modules/koa/node_modules/koa-compose/index.js:42:32)
    at session (/Users/wuchong/simon/projects/egg/egg-react-multipage/node_modules/koa-session/index.js:41:13)
    at dispatch (/Users/wuchong/simon/projects/egg/egg-react-multipage/node_modules/koa/node_modules/koa-compose/index.js:42:32)

pid: 84774
hostname: wuchongdeMacBook-Pro.local

2019-07-12 10:00:37,885 ERROR 84789 [-/::1/-/8ms GET /] nodejs.Error: Please set config.keys first
    at Application.get keys [as keys] (/Users/wuchong/simon/projects/egg/egg-react-multipage/node_modules/egg/lib/application.js:257:15)
    at Object.get cookies [as cookies] (/Users/wuchong/simon/projects/egg/egg-react-multipage/node_modules/egg/app/extend/context.js:22:66)
    at Object.get [egg-security#CSRF_SECRET] (/Users/wuchong/simon/projects/egg/egg-react-multipage/node_modules/egg-security/app/extend/context.js:86:33)
    at Object.ensureCsrfSecret (/Users/wuchong/simon/projects/egg/egg-react-multipage/node_modules/egg-security/app/extend/context.js:97:13)
    at csrf (/Users/wuchong/simon/projects/egg/egg-react-multipage/node_modules/egg-security/lib/middlewares/csrf.js:14:9)
    at dispatch (/Users/wuchong/simon/projects/egg/egg-react-multipage/node_modules/egg-security/node_modules/koa-compose/index.js:42:32)
    at /Users/wuchong/simon/projects/egg/egg-react-multipage/node_modules/egg-security/node_modules/koa-compose/index.js:34:12
    at dispatch (/Users/wuchong/simon/projects/egg/egg-react-multipage/node_modules/koa/node_modules/koa-compose/index.js:42:32)
    at session (/Users/wuchong/simon/projects/egg/egg-react-multipage/node_modules/koa-session/index.js:41:13)
    at dispatch (/Users/wuchong/simon/projects/egg/egg-react-multipage/node_modules/koa/node_modules/koa-compose/index.js:42:32)

pid: 84789
hostname: wuchongdeMacBook-Pro.local

2019-07-12 10:00:51,930 ERROR 84798 [-/::1/-/7ms GET /] nodejs.Error: Please set config.keys first
    at Application.get keys [as keys] (/Users/wuchong/simon/projects/egg/egg-react-multipage/node_modules/egg/lib/application.js:257:15)
    at Object.get cookies [as cookies] (/Users/wuchong/simon/projects/egg/egg-react-multipage/node_modules/egg/app/extend/context.js:22:66)
    at Object.get [egg-security#CSRF_SECRET] (/Users/wuchong/simon/projects/egg/egg-react-multipage/node_modules/egg-security/app/extend/context.js:86:33)
    at Object.ensureCsrfSecret (/Users/wuchong/simon/projects/egg/egg-react-multipage/node_modules/egg-security/app/extend/context.js:97:13)
    at csrf (/Users/wuchong/simon/projects/egg/egg-react-multipage/node_modules/egg-security/lib/middlewares/csrf.js:14:9)
    at dispatch (/Users/wuchong/simon/projects/egg/egg-react-multipage/node_modules/egg-security/node_modules/koa-compose/index.js:42:32)
    at /Users/wuchong/simon/projects/egg/egg-react-multipage/node_modules/egg-security/node_modules/koa-compose/index.js:34:12
    at dispatch (/Users/wuchong/simon/projects/egg/egg-react-multipage/node_modules/koa/node_modules/koa-compose/index.js:42:32)
    at session (/Users/wuchong/simon/projects/egg/egg-react-multipage/node_modules/koa-session/index.js:41:13)
    at dispatch (/Users/wuchong/simon/projects/egg/egg-react-multipage/node_modules/koa/node_modules/koa-compose/index.js:42:32)

pid: 84798
hostname: wuchongdeMacBook-Pro.local

2019-07-12 10:06:12,279 ERROR 84865 [-/::1/-/10ms GET /] nodejs.ReferenceError: app is not defined
    at IndexController.index (/Users/wuchong/simon/projects/egg/egg-react-multipage/app/controller/index.js:5:19)
    at Object.callFn (/Users/wuchong/simon/projects/egg/egg-react-multipage/node_modules/egg-core/lib/utils/index.js:44:21)
    at Object.classControllerMiddleware (/Users/wuchong/simon/projects/egg/egg-react-multipage/node_modules/egg-core/lib/loader/mixin/controller.js:87:20)
    at Object.callFn (/Users/wuchong/simon/projects/egg/egg-react-multipage/node_modules/@eggjs/router/lib/utils.js:12:21)
    at wrappedController (/Users/wuchong/simon/projects/egg/egg-react-multipage/node_modules/@eggjs/router/lib/egg_router.js:322:18)
    at dispatch (/Users/wuchong/simon/projects/egg/egg-react-multipage/node_modules/koa-compose/index.js:44:32)
    at next (/Users/wuchong/simon/projects/egg/egg-react-multipage/node_modules/koa-compose/index.js:45:18)
    at /Users/wuchong/simon/projects/egg/egg-react-multipage/node_modules/@eggjs/router/lib/router.js:190:18
    at dispatch (/Users/wuchong/simon/projects/egg/egg-react-multipage/node_modules/koa-compose/index.js:44:32)
    at /Users/wuchong/simon/projects/egg/egg-react-multipage/node_modules/koa-compose/index.js:36:12

pid: 84865
hostname: wuchongdeMacBook-Pro.local

