2019-07-12 09:58:08,546 INFO 84749 [Timer] /Users/wuchong/simon/projects/egg/egg-react-multipage/node_modules/egg-multipart/app/schedule/clean_tmpdir.js next time will execute after 66711456ms at 2019-07-13 04:30:00.002
2019-07-12 09:58:08,547 INFO 84749 [Timer] /Users/wuchong/simon/projects/egg/egg-react-multipage/node_modules/egg-logrotator/app/schedule/clean_log.js next time will execute after 50511454ms at 2019-07-13 00:00:00.001
2019-07-12 09:58:08,547 INFO 84749 [Timer] /Users/wuchong/simon/projects/egg/egg-react-multipage/node_modules/egg-logrotator/app/schedule/rotate_by_file.js next time will execute after 50512453ms at 2019-07-13 00:00:01.000
2019-07-12 09:58:08,422 INFO 84750 [egg-schedule]: register schedule /Users/wuchong/simon/projects/egg/egg-react-multipage/node_modules/egg-multipart/app/schedule/clean_tmpdir.js
2019-07-12 09:58:08,422 INFO 84750 [egg-schedule]: register schedule /Users/wuchong/simon/projects/egg/egg-react-multipage/node_modules/egg-logrotator/app/schedule/clean_log.js
2019-07-12 09:58:08,422 INFO 84750 [egg-schedule]: register schedule /Users/wuchong/simon/projects/egg/egg-react-multipage/node_modules/egg-logrotator/app/schedule/rotate_by_file.js
2019-07-12 09:58:50,357 INFO 84761 [egg-schedule]: register schedule /Users/wuchong/simon/projects/egg/egg-react-multipage/node_modules/egg-multipart/app/schedule/clean_tmpdir.js
2019-07-12 09:58:50,357 INFO 84761 [egg-schedule]: register schedule /Users/wuchong/simon/projects/egg/egg-react-multipage/node_modules/egg-logrotator/app/schedule/clean_log.js
2019-07-12 09:58:50,357 INFO 84761 [egg-schedule]: register schedule /Users/wuchong/simon/projects/egg/egg-react-multipage/node_modules/egg-logrotator/app/schedule/rotate_by_file.js
2019-07-12 09:59:06,828 INFO 84774 [egg-schedule]: register schedule /Users/wuchong/simon/projects/egg/egg-react-multipage/node_modules/egg-multipart/app/schedule/clean_tmpdir.js
2019-07-12 09:59:06,828 INFO 84774 [egg-schedule]: register schedule /Users/wuchong/simon/projects/egg/egg-react-multipage/node_modules/egg-logrotator/app/schedule/clean_log.js
2019-07-12 09:59:06,828 INFO 84774 [egg-schedule]: register schedule /Users/wuchong/simon/projects/egg/egg-react-multipage/node_modules/egg-logrotator/app/schedule/rotate_by_file.js
2019-07-12 09:59:06,923 INFO 84773 [Timer] /Users/wuchong/simon/projects/egg/egg-react-multipage/node_modules/egg-multipart/app/schedule/clean_tmpdir.js next time will execute after 66653080ms at 2019-07-13 04:30:00.003
2019-07-12 09:59:06,923 INFO 84773 [Timer] /Users/wuchong/simon/projects/egg/egg-react-multipage/node_modules/egg-logrotator/app/schedule/clean_log.js next time will execute after 50453077ms at 2019-07-13 00:00:00.000
2019-07-12 09:59:06,924 INFO 84773 [Timer] /Users/wuchong/simon/projects/egg/egg-react-multipage/node_modules/egg-logrotator/app/schedule/rotate_by_file.js next time will execute after 50454077ms at 2019-07-13 00:00:01.001
2019-07-12 10:00:35,361 INFO 84789 [egg-schedule]: register schedule /Users/wuchong/simon/projects/egg/egg-react-multipage/node_modules/egg-multipart/app/schedule/clean_tmpdir.js
2019-07-12 10:00:35,361 INFO 84789 [egg-schedule]: register schedule /Users/wuchong/simon/projects/egg/egg-react-multipage/node_modules/egg-logrotator/app/schedule/clean_log.js
2019-07-12 10:00:35,361 INFO 84789 [egg-schedule]: register schedule /Users/wuchong/simon/projects/egg/egg-react-multipage/node_modules/egg-logrotator/app/schedule/rotate_by_file.js
2019-07-12 10:00:48,368 INFO 84797 [Timer] /Users/wuchong/simon/projects/egg/egg-react-multipage/node_modules/egg-multipart/app/schedule/clean_tmpdir.js next time will execute after 66551635ms at 2019-07-13 04:30:00.003
2019-07-12 10:00:48,369 INFO 84797 [Timer] /Users/wuchong/simon/projects/egg/egg-react-multipage/node_modules/egg-logrotator/app/schedule/clean_log.js next time will execute after 50351632ms at 2019-07-13 00:00:00.001
2019-07-12 10:00:48,369 INFO 84797 [Timer] /Users/wuchong/simon/projects/egg/egg-react-multipage/node_modules/egg-logrotator/app/schedule/rotate_by_file.js next time will execute after 50352631ms at 2019-07-13 00:00:01.000
2019-07-12 10:00:48,264 INFO 84798 [egg-schedule]: register schedule /Users/wuchong/simon/projects/egg/egg-react-multipage/node_modules/egg-multipart/app/schedule/clean_tmpdir.js
2019-07-12 10:00:48,264 INFO 84798 [egg-schedule]: register schedule /Users/wuchong/simon/projects/egg/egg-react-multipage/node_modules/egg-logrotator/app/schedule/clean_log.js
2019-07-12 10:00:48,264 INFO 84798 [egg-schedule]: register schedule /Users/wuchong/simon/projects/egg/egg-react-multipage/node_modules/egg-logrotator/app/schedule/rotate_by_file.js
2019-07-12 10:02:02,919 INFO 84817 [egg-schedule]: register schedule /Users/wuchong/simon/projects/egg/egg-react-multipage/node_modules/egg-multipart/app/schedule/clean_tmpdir.js
2019-07-12 10:02:02,919 INFO 84817 [egg-schedule]: register schedule /Users/wuchong/simon/projects/egg/egg-react-multipage/node_modules/egg-logrotator/app/schedule/clean_log.js
2019-07-12 10:02:02,919 INFO 84817 [egg-schedule]: register schedule /Users/wuchong/simon/projects/egg/egg-react-multipage/node_modules/egg-logrotator/app/schedule/rotate_by_file.js
2019-07-12 10:02:03,024 INFO 84816 [Timer] /Users/wuchong/simon/projects/egg/egg-react-multipage/node_modules/egg-multipart/app/schedule/clean_tmpdir.js next time will execute after 66476978ms at 2019-07-13 04:30:00.002
2019-07-12 10:02:03,025 INFO 84816 [Timer] /Users/wuchong/simon/projects/egg/egg-react-multipage/node_modules/egg-logrotator/app/schedule/clean_log.js next time will execute after 50276975ms at 2019-07-13 00:00:00.000
2019-07-12 10:02:03,025 INFO 84816 [Timer] /Users/wuchong/simon/projects/egg/egg-react-multipage/node_modules/egg-logrotator/app/schedule/rotate_by_file.js next time will execute after 50277975ms at 2019-07-13 00:00:01.000
2019-07-12 10:06:01,939 INFO 84865 [egg-schedule]: register schedule /Users/wuchong/simon/projects/egg/egg-react-multipage/node_modules/egg-multipart/app/schedule/clean_tmpdir.js
2019-07-12 10:06:01,939 INFO 84865 [egg-schedule]: register schedule /Users/wuchong/simon/projects/egg/egg-react-multipage/node_modules/egg-logrotator/app/schedule/clean_log.js
2019-07-12 10:06:01,939 INFO 84865 [egg-schedule]: register schedule /Users/wuchong/simon/projects/egg/egg-react-multipage/node_modules/egg-logrotator/app/schedule/rotate_by_file.js
2019-07-12 10:06:42,767 INFO 84866 [egg-schedule]: register schedule /Users/wuchong/simon/projects/egg/egg-react-multipage/node_modules/egg-multipart/app/schedule/clean_tmpdir.js
2019-07-12 10:06:42,767 INFO 84866 [egg-schedule]: register schedule /Users/wuchong/simon/projects/egg/egg-react-multipage/node_modules/egg-logrotator/app/schedule/clean_log.js
2019-07-12 10:06:42,767 INFO 84866 [egg-schedule]: register schedule /Users/wuchong/simon/projects/egg/egg-react-multipage/node_modules/egg-logrotator/app/schedule/rotate_by_file.js
2019-07-12 10:07:09,121 INFO 84868 [egg-schedule]: register schedule /Users/wuchong/simon/projects/egg/egg-react-multipage/node_modules/egg-multipart/app/schedule/clean_tmpdir.js
2019-07-12 10:07:09,122 INFO 84868 [egg-schedule]: register schedule /Users/wuchong/simon/projects/egg/egg-react-multipage/node_modules/egg-logrotator/app/schedule/clean_log.js
2019-07-12 10:07:09,122 INFO 84868 [egg-schedule]: register schedule /Users/wuchong/simon/projects/egg/egg-react-multipage/node_modules/egg-logrotator/app/schedule/rotate_by_file.js
2019-07-12 10:07:22,182 INFO 84869 [egg-schedule]: register schedule /Users/wuchong/simon/projects/egg/egg-react-multipage/node_modules/egg-multipart/app/schedule/clean_tmpdir.js
2019-07-12 10:07:22,182 INFO 84869 [egg-schedule]: register schedule /Users/wuchong/simon/projects/egg/egg-react-multipage/node_modules/egg-logrotator/app/schedule/clean_log.js
2019-07-12 10:07:22,182 INFO 84869 [egg-schedule]: register schedule /Users/wuchong/simon/projects/egg/egg-react-multipage/node_modules/egg-logrotator/app/schedule/rotate_by_file.js
2019-07-12 10:07:36,312 INFO 84872 [egg-schedule]: register schedule /Users/wuchong/simon/projects/egg/egg-react-multipage/node_modules/egg-multipart/app/schedule/clean_tmpdir.js
2019-07-12 10:07:36,312 INFO 84872 [egg-schedule]: register schedule /Users/wuchong/simon/projects/egg/egg-react-multipage/node_modules/egg-logrotator/app/schedule/clean_log.js
2019-07-12 10:07:36,312 INFO 84872 [egg-schedule]: register schedule /Users/wuchong/simon/projects/egg/egg-react-multipage/node_modules/egg-logrotator/app/schedule/rotate_by_file.js
2019-07-12 10:07:54,056 INFO 84877 [egg-schedule]: register schedule /Users/wuchong/simon/projects/egg/egg-react-multipage/node_modules/egg-multipart/app/schedule/clean_tmpdir.js
2019-07-12 10:07:54,056 INFO 84877 [egg-schedule]: register schedule /Users/wuchong/simon/projects/egg/egg-react-multipage/node_modules/egg-logrotator/app/schedule/clean_log.js
2019-07-12 10:07:54,056 INFO 84877 [egg-schedule]: register schedule /Users/wuchong/simon/projects/egg/egg-react-multipage/node_modules/egg-logrotator/app/schedule/rotate_by_file.js
2019-07-12 10:08:00,026 INFO 84878 [egg-schedule]: register schedule /Users/wuchong/simon/projects/egg/egg-react-multipage/node_modules/egg-multipart/app/schedule/clean_tmpdir.js
2019-07-12 10:08:00,026 INFO 84878 [egg-schedule]: register schedule /Users/wuchong/simon/projects/egg/egg-react-multipage/node_modules/egg-logrotator/app/schedule/clean_log.js
2019-07-12 10:08:00,026 INFO 84878 [egg-schedule]: register schedule /Users/wuchong/simon/projects/egg/egg-react-multipage/node_modules/egg-logrotator/app/schedule/rotate_by_file.js
2019-07-12 10:08:23,077 INFO 84885 [egg-schedule]: register schedule /Users/wuchong/simon/projects/egg/egg-react-multipage/node_modules/egg-multipart/app/schedule/clean_tmpdir.js
2019-07-12 10:08:23,077 INFO 84885 [egg-schedule]: register schedule /Users/wuchong/simon/projects/egg/egg-react-multipage/node_modules/egg-logrotator/app/schedule/clean_log.js
2019-07-12 10:08:23,077 INFO 84885 [egg-schedule]: register schedule /Users/wuchong/simon/projects/egg/egg-react-multipage/node_modules/egg-logrotator/app/schedule/rotate_by_file.js
2019-07-12 10:09:12,692 INFO 85282 [egg-schedule]: register schedule /Users/wuchong/simon/projects/egg/egg-react-multipage/node_modules/egg-multipart/app/schedule/clean_tmpdir.js
2019-07-12 10:09:12,692 INFO 85282 [egg-schedule]: register schedule /Users/wuchong/simon/projects/egg/egg-react-multipage/node_modules/egg-logrotator/app/schedule/clean_log.js
2019-07-12 10:09:12,692 INFO 85282 [egg-schedule]: register schedule /Users/wuchong/simon/projects/egg/egg-react-multipage/node_modules/egg-logrotator/app/schedule/rotate_by_file.js
2019-07-12 10:09:15,570 INFO 85283 [egg-schedule]: register schedule /Users/wuchong/simon/projects/egg/egg-react-multipage/node_modules/egg-multipart/app/schedule/clean_tmpdir.js
2019-07-12 10:09:15,570 INFO 85283 [egg-schedule]: register schedule /Users/wuchong/simon/projects/egg/egg-react-multipage/node_modules/egg-logrotator/app/schedule/clean_log.js
2019-07-12 10:09:15,570 INFO 85283 [egg-schedule]: register schedule /Users/wuchong/simon/projects/egg/egg-react-multipage/node_modules/egg-logrotator/app/schedule/rotate_by_file.js
2019-07-12 10:10:08,430 INFO 85293 [egg-schedule]: register schedule /Users/wuchong/simon/projects/egg/egg-react-multipage/node_modules/egg-multipart/app/schedule/clean_tmpdir.js
2019-07-12 10:10:08,430 INFO 85293 [egg-schedule]: register schedule /Users/wuchong/simon/projects/egg/egg-react-multipage/node_modules/egg-logrotator/app/schedule/clean_log.js
2019-07-12 10:10:08,430 INFO 85293 [egg-schedule]: register schedule /Users/wuchong/simon/projects/egg/egg-react-multipage/node_modules/egg-logrotator/app/schedule/rotate_by_file.js
2019-07-12 10:10:13,982 INFO 85294 [egg-schedule]: register schedule /Users/wuchong/simon/projects/egg/egg-react-multipage/node_modules/egg-multipart/app/schedule/clean_tmpdir.js
2019-07-12 10:10:13,982 INFO 85294 [egg-schedule]: register schedule /Users/wuchong/simon/projects/egg/egg-react-multipage/node_modules/egg-logrotator/app/schedule/clean_log.js
2019-07-12 10:10:13,982 INFO 85294 [egg-schedule]: register schedule /Users/wuchong/simon/projects/egg/egg-react-multipage/node_modules/egg-logrotator/app/schedule/rotate_by_file.js
2019-07-12 10:10:21,618 INFO 85295 [egg-schedule]: register schedule /Users/wuchong/simon/projects/egg/egg-react-multipage/node_modules/egg-multipart/app/schedule/clean_tmpdir.js
2019-07-12 10:10:21,618 INFO 85295 [egg-schedule]: register schedule /Users/wuchong/simon/projects/egg/egg-react-multipage/node_modules/egg-logrotator/app/schedule/clean_log.js
2019-07-12 10:10:21,618 INFO 85295 [egg-schedule]: register schedule /Users/wuchong/simon/projects/egg/egg-react-multipage/node_modules/egg-logrotator/app/schedule/rotate_by_file.js
2019-07-12 10:10:28,939 INFO 85296 [egg-schedule]: register schedule /Users/wuchong/simon/projects/egg/egg-react-multipage/node_modules/egg-multipart/app/schedule/clean_tmpdir.js
2019-07-12 10:10:28,939 INFO 85296 [egg-schedule]: register schedule /Users/wuchong/simon/projects/egg/egg-react-multipage/node_modules/egg-logrotator/app/schedule/clean_log.js
2019-07-12 10:10:28,939 INFO 85296 [egg-schedule]: register schedule /Users/wuchong/simon/projects/egg/egg-react-multipage/node_modules/egg-logrotator/app/schedule/rotate_by_file.js
2019-07-12 10:10:47,767 INFO 85297 [egg-schedule]: register schedule /Users/wuchong/simon/projects/egg/egg-react-multipage/node_modules/egg-multipart/app/schedule/clean_tmpdir.js
2019-07-12 10:10:47,767 INFO 85297 [egg-schedule]: register schedule /Users/wuchong/simon/projects/egg/egg-react-multipage/node_modules/egg-logrotator/app/schedule/clean_log.js
2019-07-12 10:10:47,767 INFO 85297 [egg-schedule]: register schedule /Users/wuchong/simon/projects/egg/egg-react-multipage/node_modules/egg-logrotator/app/schedule/rotate_by_file.js
2019-07-12 10:10:48,834 INFO 85298 [egg-schedule]: register schedule /Users/wuchong/simon/projects/egg/egg-react-multipage/node_modules/egg-multipart/app/schedule/clean_tmpdir.js
2019-07-12 10:10:48,834 INFO 85298 [egg-schedule]: register schedule /Users/wuchong/simon/projects/egg/egg-react-multipage/node_modules/egg-logrotator/app/schedule/clean_log.js
2019-07-12 10:10:48,834 INFO 85298 [egg-schedule]: register schedule /Users/wuchong/simon/projects/egg/egg-react-multipage/node_modules/egg-logrotator/app/schedule/rotate_by_file.js
2019-07-12 10:10:51,621 INFO 85299 [egg-schedule]: register schedule /Users/wuchong/simon/projects/egg/egg-react-multipage/node_modules/egg-multipart/app/schedule/clean_tmpdir.js
2019-07-12 10:10:51,621 INFO 85299 [egg-schedule]: register schedule /Users/wuchong/simon/projects/egg/egg-react-multipage/node_modules/egg-logrotator/app/schedule/clean_log.js
2019-07-12 10:10:51,621 INFO 85299 [egg-schedule]: register schedule /Users/wuchong/simon/projects/egg/egg-react-multipage/node_modules/egg-logrotator/app/schedule/rotate_by_file.js
2019-07-12 10:12:42,058 INFO 85690 [egg-schedule]: register schedule /Users/wuchong/simon/projects/egg/egg-react-multipage/node_modules/egg-multipart/app/schedule/clean_tmpdir.js
2019-07-12 10:12:42,058 INFO 85690 [egg-schedule]: register schedule /Users/wuchong/simon/projects/egg/egg-react-multipage/node_modules/egg-logrotator/app/schedule/clean_log.js
2019-07-12 10:12:42,058 INFO 85690 [egg-schedule]: register schedule /Users/wuchong/simon/projects/egg/egg-react-multipage/node_modules/egg-logrotator/app/schedule/rotate_by_file.js
2019-07-12 10:13:01,216 INFO 85694 [egg-schedule]: register schedule /Users/wuchong/simon/projects/egg/egg-react-multipage/node_modules/egg-multipart/app/schedule/clean_tmpdir.js
2019-07-12 10:13:01,216 INFO 85694 [egg-schedule]: register schedule /Users/wuchong/simon/projects/egg/egg-react-multipage/node_modules/egg-logrotator/app/schedule/clean_log.js
2019-07-12 10:13:01,216 INFO 85694 [egg-schedule]: register schedule /Users/wuchong/simon/projects/egg/egg-react-multipage/node_modules/egg-logrotator/app/schedule/rotate_by_file.js
2019-07-12 10:13:29,910 INFO 85700 [egg-schedule]: register schedule /Users/wuchong/simon/projects/egg/egg-react-multipage/node_modules/egg-multipart/app/schedule/clean_tmpdir.js
2019-07-12 10:13:29,910 INFO 85700 [egg-schedule]: register schedule /Users/wuchong/simon/projects/egg/egg-react-multipage/node_modules/egg-logrotator/app/schedule/clean_log.js
2019-07-12 10:13:29,910 INFO 85700 [egg-schedule]: register schedule /Users/wuchong/simon/projects/egg/egg-react-multipage/node_modules/egg-logrotator/app/schedule/rotate_by_file.js
2019-07-12 10:15:28,248 INFO 85711 [egg-schedule]: register schedule /Users/wuchong/simon/projects/egg/egg-react-multipage/node_modules/egg-multipart/app/schedule/clean_tmpdir.js
2019-07-12 10:15:28,248 INFO 85711 [egg-schedule]: register schedule /Users/wuchong/simon/projects/egg/egg-react-multipage/node_modules/egg-logrotator/app/schedule/clean_log.js
2019-07-12 10:15:28,248 INFO 85711 [egg-schedule]: register schedule /Users/wuchong/simon/projects/egg/egg-react-multipage/node_modules/egg-logrotator/app/schedule/rotate_by_file.js
2019-07-12 10:15:29,610 INFO 85712 [egg-schedule]: register schedule /Users/wuchong/simon/projects/egg/egg-react-multipage/node_modules/egg-multipart/app/schedule/clean_tmpdir.js
2019-07-12 10:15:29,610 INFO 85712 [egg-schedule]: register schedule /Users/wuchong/simon/projects/egg/egg-react-multipage/node_modules/egg-logrotator/app/schedule/clean_log.js
2019-07-12 10:15:29,610 INFO 85712 [egg-schedule]: register schedule /Users/wuchong/simon/projects/egg/egg-react-multipage/node_modules/egg-logrotator/app/schedule/rotate_by_file.js
2019-07-12 10:15:59,039 INFO 85713 [egg-schedule]: register schedule /Users/wuchong/simon/projects/egg/egg-react-multipage/node_modules/egg-multipart/app/schedule/clean_tmpdir.js
2019-07-12 10:15:59,039 INFO 85713 [egg-schedule]: register schedule /Users/wuchong/simon/projects/egg/egg-react-multipage/node_modules/egg-logrotator/app/schedule/clean_log.js
2019-07-12 10:15:59,039 INFO 85713 [egg-schedule]: register schedule /Users/wuchong/simon/projects/egg/egg-react-multipage/node_modules/egg-logrotator/app/schedule/rotate_by_file.js
2019-07-12 10:16:03,845 INFO 85714 [egg-schedule]: register schedule /Users/wuchong/simon/projects/egg/egg-react-multipage/node_modules/egg-multipart/app/schedule/clean_tmpdir.js
2019-07-12 10:16:03,845 INFO 85714 [egg-schedule]: register schedule /Users/wuchong/simon/projects/egg/egg-react-multipage/node_modules/egg-logrotator/app/schedule/clean_log.js
2019-07-12 10:16:03,845 INFO 85714 [egg-schedule]: register schedule /Users/wuchong/simon/projects/egg/egg-react-multipage/node_modules/egg-logrotator/app/schedule/rotate_by_file.js
2019-07-12 10:17:09,448 INFO 85731 [egg-schedule]: register schedule /Users/wuchong/simon/projects/egg/egg-react-multipage/node_modules/egg-multipart/app/schedule/clean_tmpdir.js
2019-07-12 10:17:09,448 INFO 85731 [egg-schedule]: register schedule /Users/wuchong/simon/projects/egg/egg-react-multipage/node_modules/egg-logrotator/app/schedule/clean_log.js
2019-07-12 10:17:09,448 INFO 85731 [egg-schedule]: register schedule /Users/wuchong/simon/projects/egg/egg-react-multipage/node_modules/egg-logrotator/app/schedule/rotate_by_file.js
2019-07-12 10:17:09,849 INFO 85730 [Timer] /Users/wuchong/simon/projects/egg/egg-react-multipage/node_modules/egg-multipart/app/schedule/clean_tmpdir.js next time will execute after 65570154ms at 2019-07-13 04:30:00.003
2019-07-12 10:17:09,850 INFO 85730 [Timer] /Users/wuchong/simon/projects/egg/egg-react-multipage/node_modules/egg-logrotator/app/schedule/clean_log.js next time will execute after 49370150ms at 2019-07-13 00:00:00.000
2019-07-12 10:17:09,850 INFO 85730 [Timer] /Users/wuchong/simon/projects/egg/egg-react-multipage/node_modules/egg-logrotator/app/schedule/rotate_by_file.js next time will execute after 49371150ms at 2019-07-13 00:00:01.000
2019-07-12 10:24:34,849 INFO 85771 [Timer] /Users/wuchong/simon/projects/egg/egg-react-multipage/node_modules/egg-multipart/app/schedule/clean_tmpdir.js next time will execute after 65125154ms at 2019-07-13 04:30:00.003
2019-07-12 10:24:34,850 INFO 85771 [Timer] /Users/wuchong/simon/projects/egg/egg-react-multipage/node_modules/egg-logrotator/app/schedule/clean_log.js next time will execute after 48925150ms at 2019-07-13 00:00:00.000
2019-07-12 10:24:34,850 INFO 85771 [Timer] /Users/wuchong/simon/projects/egg/egg-react-multipage/node_modules/egg-logrotator/app/schedule/rotate_by_file.js next time will execute after 48926150ms at 2019-07-13 00:00:01.000
2019-07-12 10:24:34,747 INFO 85772 [egg-schedule]: register schedule /Users/wuchong/simon/projects/egg/egg-react-multipage/node_modules/egg-multipart/app/schedule/clean_tmpdir.js
2019-07-12 10:24:34,747 INFO 85772 [egg-schedule]: register schedule /Users/wuchong/simon/projects/egg/egg-react-multipage/node_modules/egg-logrotator/app/schedule/clean_log.js
2019-07-12 10:24:34,747 INFO 85772 [egg-schedule]: register schedule /Users/wuchong/simon/projects/egg/egg-react-multipage/node_modules/egg-logrotator/app/schedule/rotate_by_file.js
2019-07-12 10:25:57,864 INFO 85791 [egg-schedule]: register schedule /Users/wuchong/simon/projects/egg/egg-react-multipage/node_modules/egg-multipart/app/schedule/clean_tmpdir.js
2019-07-12 10:25:57,864 INFO 85791 [egg-schedule]: register schedule /Users/wuchong/simon/projects/egg/egg-react-multipage/node_modules/egg-logrotator/app/schedule/clean_log.js
2019-07-12 10:25:57,864 INFO 85791 [egg-schedule]: register schedule /Users/wuchong/simon/projects/egg/egg-react-multipage/node_modules/egg-logrotator/app/schedule/rotate_by_file.js
2019-07-12 10:26:21,198 INFO 85797 [egg-schedule]: register schedule /Users/wuchong/simon/projects/egg/egg-react-multipage/node_modules/egg-multipart/app/schedule/clean_tmpdir.js
2019-07-12 10:26:21,198 INFO 85797 [egg-schedule]: register schedule /Users/wuchong/simon/projects/egg/egg-react-multipage/node_modules/egg-logrotator/app/schedule/clean_log.js
2019-07-12 10:26:21,198 INFO 85797 [egg-schedule]: register schedule /Users/wuchong/simon/projects/egg/egg-react-multipage/node_modules/egg-logrotator/app/schedule/rotate_by_file.js
2019-07-12 10:27:12,933 INFO 85800 [egg-schedule]: register schedule /Users/wuchong/simon/projects/egg/egg-react-multipage/node_modules/egg-multipart/app/schedule/clean_tmpdir.js
2019-07-12 10:27:12,933 INFO 85800 [egg-schedule]: register schedule /Users/wuchong/simon/projects/egg/egg-react-multipage/node_modules/egg-logrotator/app/schedule/clean_log.js
2019-07-12 10:27:12,933 INFO 85800 [egg-schedule]: register schedule /Users/wuchong/simon/projects/egg/egg-react-multipage/node_modules/egg-logrotator/app/schedule/rotate_by_file.js
2019-07-12 10:27:18,096 INFO 85801 [egg-schedule]: register schedule /Users/wuchong/simon/projects/egg/egg-react-multipage/node_modules/egg-multipart/app/schedule/clean_tmpdir.js
2019-07-12 10:27:18,097 INFO 85801 [egg-schedule]: register schedule /Users/wuchong/simon/projects/egg/egg-react-multipage/node_modules/egg-logrotator/app/schedule/clean_log.js
2019-07-12 10:27:18,097 INFO 85801 [egg-schedule]: register schedule /Users/wuchong/simon/projects/egg/egg-react-multipage/node_modules/egg-logrotator/app/schedule/rotate_by_file.js
2019-07-12 10:27:27,783 INFO 85810 [Timer] /Users/wuchong/simon/projects/egg/egg-react-multipage/node_modules/egg-multipart/app/schedule/clean_tmpdir.js next time will execute after 64952220ms at 2019-07-13 04:30:00.003
2019-07-12 10:27:27,783 INFO 85810 [Timer] /Users/wuchong/simon/projects/egg/egg-react-multipage/node_modules/egg-logrotator/app/schedule/clean_log.js next time will execute after 48752217ms at 2019-07-13 00:00:00.000
2019-07-12 10:27:27,784 INFO 85810 [Timer] /Users/wuchong/simon/projects/egg/egg-react-multipage/node_modules/egg-logrotator/app/schedule/rotate_by_file.js next time will execute after 48753217ms at 2019-07-13 00:00:01.001
2019-07-12 10:27:27,676 INFO 85811 [egg-schedule]: register schedule /Users/wuchong/simon/projects/egg/egg-react-multipage/node_modules/egg-multipart/app/schedule/clean_tmpdir.js
2019-07-12 10:27:27,676 INFO 85811 [egg-schedule]: register schedule /Users/wuchong/simon/projects/egg/egg-react-multipage/node_modules/egg-logrotator/app/schedule/clean_log.js
2019-07-12 10:27:27,676 INFO 85811 [egg-schedule]: register schedule /Users/wuchong/simon/projects/egg/egg-react-multipage/node_modules/egg-logrotator/app/schedule/rotate_by_file.js
2019-07-12 10:27:55,557 INFO 85817 [egg-schedule]: register schedule /Users/wuchong/simon/projects/egg/egg-react-multipage/node_modules/egg-multipart/app/schedule/clean_tmpdir.js
2019-07-12 10:27:55,557 INFO 85817 [egg-schedule]: register schedule /Users/wuchong/simon/projects/egg/egg-react-multipage/node_modules/egg-logrotator/app/schedule/clean_log.js
2019-07-12 10:27:55,557 INFO 85817 [egg-schedule]: register schedule /Users/wuchong/simon/projects/egg/egg-react-multipage/node_modules/egg-logrotator/app/schedule/rotate_by_file.js
2019-07-12 10:28:06,286 INFO 85823 [Timer] /Users/wuchong/simon/projects/egg/egg-react-multipage/node_modules/egg-multipart/app/schedule/clean_tmpdir.js next time will execute after 64913717ms at 2019-07-13 04:30:00.003
2019-07-12 10:28:06,286 INFO 85823 [Timer] /Users/wuchong/simon/projects/egg/egg-react-multipage/node_modules/egg-logrotator/app/schedule/clean_log.js next time will execute after 48713714ms at 2019-07-13 00:00:00.000
2019-07-12 10:28:06,287 INFO 85823 [Timer] /Users/wuchong/simon/projects/egg/egg-react-multipage/node_modules/egg-logrotator/app/schedule/rotate_by_file.js next time will execute after 48714714ms at 2019-07-13 00:00:01.001
2019-07-12 10:28:06,148 INFO 85824 [egg-schedule]: register schedule /Users/wuchong/simon/projects/egg/egg-react-multipage/node_modules/egg-multipart/app/schedule/clean_tmpdir.js
2019-07-12 10:28:06,148 INFO 85824 [egg-schedule]: register schedule /Users/wuchong/simon/projects/egg/egg-react-multipage/node_modules/egg-logrotator/app/schedule/clean_log.js
2019-07-12 10:28:06,148 INFO 85824 [egg-schedule]: register schedule /Users/wuchong/simon/projects/egg/egg-react-multipage/node_modules/egg-logrotator/app/schedule/rotate_by_file.js
2019-07-12 10:28:18,706 INFO 85827 [egg-schedule]: register schedule /Users/wuchong/simon/projects/egg/egg-react-multipage/node_modules/egg-multipart/app/schedule/clean_tmpdir.js
2019-07-12 10:28:18,707 INFO 85827 [egg-schedule]: register schedule /Users/wuchong/simon/projects/egg/egg-react-multipage/node_modules/egg-logrotator/app/schedule/clean_log.js
2019-07-12 10:28:18,707 INFO 85827 [egg-schedule]: register schedule /Users/wuchong/simon/projects/egg/egg-react-multipage/node_modules/egg-logrotator/app/schedule/rotate_by_file.js
2019-07-12 10:28:24,600 INFO 85835 [Timer] /Users/wuchong/simon/projects/egg/egg-react-multipage/node_modules/egg-multipart/app/schedule/clean_tmpdir.js next time will execute after 64895403ms at 2019-07-13 04:30:00.003
2019-07-12 10:28:24,600 INFO 85835 [Timer] /Users/wuchong/simon/projects/egg/egg-react-multipage/node_modules/egg-logrotator/app/schedule/clean_log.js next time will execute after 48695400ms at 2019-07-13 00:00:00.000
2019-07-12 10:28:24,601 INFO 85835 [Timer] /Users/wuchong/simon/projects/egg/egg-react-multipage/node_modules/egg-logrotator/app/schedule/rotate_by_file.js next time will execute after 48696400ms at 2019-07-13 00:00:01.001
2019-07-12 10:28:24,455 INFO 85836 [egg-schedule]: register schedule /Users/wuchong/simon/projects/egg/egg-react-multipage/node_modules/egg-multipart/app/schedule/clean_tmpdir.js
2019-07-12 10:28:24,455 INFO 85836 [egg-schedule]: register schedule /Users/wuchong/simon/projects/egg/egg-react-multipage/node_modules/egg-logrotator/app/schedule/clean_log.js
2019-07-12 10:28:24,455 INFO 85836 [egg-schedule]: register schedule /Users/wuchong/simon/projects/egg/egg-react-multipage/node_modules/egg-logrotator/app/schedule/rotate_by_file.js
2019-07-12 10:31:07,418 INFO 85854 [egg-schedule]: register schedule /Users/wuchong/simon/projects/egg/egg-react-multipage/node_modules/egg-multipart/app/schedule/clean_tmpdir.js
2019-07-12 10:31:07,418 INFO 85854 [egg-schedule]: register schedule /Users/wuchong/simon/projects/egg/egg-react-multipage/node_modules/egg-logrotator/app/schedule/clean_log.js
2019-07-12 10:31:07,418 INFO 85854 [egg-schedule]: register schedule /Users/wuchong/simon/projects/egg/egg-react-multipage/node_modules/egg-logrotator/app/schedule/rotate_by_file.js
2019-07-12 10:31:14,286 INFO 85855 [egg-schedule]: register schedule /Users/wuchong/simon/projects/egg/egg-react-multipage/node_modules/egg-multipart/app/schedule/clean_tmpdir.js
2019-07-12 10:31:14,286 INFO 85855 [egg-schedule]: register schedule /Users/wuchong/simon/projects/egg/egg-react-multipage/node_modules/egg-logrotator/app/schedule/clean_log.js
2019-07-12 10:31:14,286 INFO 85855 [egg-schedule]: register schedule /Users/wuchong/simon/projects/egg/egg-react-multipage/node_modules/egg-logrotator/app/schedule/rotate_by_file.js
2019-07-12 10:31:26,916 INFO 85857 [egg-schedule]: register schedule /Users/wuchong/simon/projects/egg/egg-react-multipage/node_modules/egg-multipart/app/schedule/clean_tmpdir.js
2019-07-12 10:31:26,916 INFO 85857 [egg-schedule]: register schedule /Users/wuchong/simon/projects/egg/egg-react-multipage/node_modules/egg-logrotator/app/schedule/clean_log.js
2019-07-12 10:31:26,916 INFO 85857 [egg-schedule]: register schedule /Users/wuchong/simon/projects/egg/egg-react-multipage/node_modules/egg-logrotator/app/schedule/rotate_by_file.js
2019-07-12 10:31:30,618 INFO 85858 [egg-schedule]: register schedule /Users/wuchong/simon/projects/egg/egg-react-multipage/node_modules/egg-multipart/app/schedule/clean_tmpdir.js
2019-07-12 10:31:30,618 INFO 85858 [egg-schedule]: register schedule /Users/wuchong/simon/projects/egg/egg-react-multipage/node_modules/egg-logrotator/app/schedule/clean_log.js
2019-07-12 10:31:30,618 INFO 85858 [egg-schedule]: register schedule /Users/wuchong/simon/projects/egg/egg-react-multipage/node_modules/egg-logrotator/app/schedule/rotate_by_file.js
2019-07-12 10:31:44,273 INFO 85859 [egg-schedule]: register schedule /Users/wuchong/simon/projects/egg/egg-react-multipage/node_modules/egg-multipart/app/schedule/clean_tmpdir.js
2019-07-12 10:31:44,273 INFO 85859 [egg-schedule]: register schedule /Users/wuchong/simon/projects/egg/egg-react-multipage/node_modules/egg-logrotator/app/schedule/clean_log.js
2019-07-12 10:31:44,273 INFO 85859 [egg-schedule]: register schedule /Users/wuchong/simon/projects/egg/egg-react-multipage/node_modules/egg-logrotator/app/schedule/rotate_by_file.js
2019-07-12 10:31:55,243 INFO 85860 [egg-schedule]: register schedule /Users/wuchong/simon/projects/egg/egg-react-multipage/node_modules/egg-multipart/app/schedule/clean_tmpdir.js
2019-07-12 10:31:55,243 INFO 85860 [egg-schedule]: register schedule /Users/wuchong/simon/projects/egg/egg-react-multipage/node_modules/egg-logrotator/app/schedule/clean_log.js
2019-07-12 10:31:55,243 INFO 85860 [egg-schedule]: register schedule /Users/wuchong/simon/projects/egg/egg-react-multipage/node_modules/egg-logrotator/app/schedule/rotate_by_file.js
2019-07-12 10:32:17,171 INFO 85861 [egg-schedule]: register schedule /Users/wuchong/simon/projects/egg/egg-react-multipage/node_modules/egg-multipart/app/schedule/clean_tmpdir.js
2019-07-12 10:32:17,171 INFO 85861 [egg-schedule]: register schedule /Users/wuchong/simon/projects/egg/egg-react-multipage/node_modules/egg-logrotator/app/schedule/clean_log.js
2019-07-12 10:32:17,171 INFO 85861 [egg-schedule]: register schedule /Users/wuchong/simon/projects/egg/egg-react-multipage/node_modules/egg-logrotator/app/schedule/rotate_by_file.js
2019-07-12 10:32:31,017 INFO 85862 [egg-schedule]: register schedule /Users/wuchong/simon/projects/egg/egg-react-multipage/node_modules/egg-multipart/app/schedule/clean_tmpdir.js
2019-07-12 10:32:31,017 INFO 85862 [egg-schedule]: register schedule /Users/wuchong/simon/projects/egg/egg-react-multipage/node_modules/egg-logrotator/app/schedule/clean_log.js
2019-07-12 10:32:31,017 INFO 85862 [egg-schedule]: register schedule /Users/wuchong/simon/projects/egg/egg-react-multipage/node_modules/egg-logrotator/app/schedule/rotate_by_file.js
2019-07-12 10:32:32,286 INFO 85863 [egg-schedule]: register schedule /Users/wuchong/simon/projects/egg/egg-react-multipage/node_modules/egg-multipart/app/schedule/clean_tmpdir.js
2019-07-12 10:32:32,287 INFO 85863 [egg-schedule]: register schedule /Users/wuchong/simon/projects/egg/egg-react-multipage/node_modules/egg-logrotator/app/schedule/clean_log.js
2019-07-12 10:32:32,287 INFO 85863 [egg-schedule]: register schedule /Users/wuchong/simon/projects/egg/egg-react-multipage/node_modules/egg-logrotator/app/schedule/rotate_by_file.js
2019-07-12 10:32:51,126 INFO 85866 [egg-schedule]: register schedule /Users/wuchong/simon/projects/egg/egg-react-multipage/node_modules/egg-multipart/app/schedule/clean_tmpdir.js
2019-07-12 10:32:51,126 INFO 85866 [egg-schedule]: register schedule /Users/wuchong/simon/projects/egg/egg-react-multipage/node_modules/egg-logrotator/app/schedule/clean_log.js
2019-07-12 10:32:51,126 INFO 85866 [egg-schedule]: register schedule /Users/wuchong/simon/projects/egg/egg-react-multipage/node_modules/egg-logrotator/app/schedule/rotate_by_file.js
2019-07-12 10:33:19,760 INFO 85875 [egg-schedule]: register schedule /Users/wuchong/simon/projects/egg/egg-react-multipage/node_modules/egg-multipart/app/schedule/clean_tmpdir.js
2019-07-12 10:33:19,760 INFO 85875 [egg-schedule]: register schedule /Users/wuchong/simon/projects/egg/egg-react-multipage/node_modules/egg-logrotator/app/schedule/clean_log.js
2019-07-12 10:33:19,760 INFO 85875 [egg-schedule]: register schedule /Users/wuchong/simon/projects/egg/egg-react-multipage/node_modules/egg-logrotator/app/schedule/rotate_by_file.js
2019-07-12 10:33:58,143 INFO 85880 [egg-schedule]: register schedule /Users/wuchong/simon/projects/egg/egg-react-multipage/node_modules/egg-multipart/app/schedule/clean_tmpdir.js
2019-07-12 10:33:58,143 INFO 85880 [egg-schedule]: register schedule /Users/wuchong/simon/projects/egg/egg-react-multipage/node_modules/egg-logrotator/app/schedule/clean_log.js
2019-07-12 10:33:58,143 INFO 85880 [egg-schedule]: register schedule /Users/wuchong/simon/projects/egg/egg-react-multipage/node_modules/egg-logrotator/app/schedule/rotate_by_file.js
2019-07-12 10:35:32,944 INFO 85892 [egg-schedule]: register schedule /Users/wuchong/simon/projects/egg/egg-react-multipage/node_modules/egg-multipart/app/schedule/clean_tmpdir.js
2019-07-12 10:35:32,944 INFO 85892 [egg-schedule]: register schedule /Users/wuchong/simon/projects/egg/egg-react-multipage/node_modules/egg-logrotator/app/schedule/clean_log.js
2019-07-12 10:35:32,944 INFO 85892 [egg-schedule]: register schedule /Users/wuchong/simon/projects/egg/egg-react-multipage/node_modules/egg-logrotator/app/schedule/rotate_by_file.js
2019-07-12 10:35:45,635 INFO 85893 [egg-schedule]: register schedule /Users/wuchong/simon/projects/egg/egg-react-multipage/node_modules/egg-multipart/app/schedule/clean_tmpdir.js
2019-07-12 10:35:45,635 INFO 85893 [egg-schedule]: register schedule /Users/wuchong/simon/projects/egg/egg-react-multipage/node_modules/egg-logrotator/app/schedule/clean_log.js
2019-07-12 10:35:45,635 INFO 85893 [egg-schedule]: register schedule /Users/wuchong/simon/projects/egg/egg-react-multipage/node_modules/egg-logrotator/app/schedule/rotate_by_file.js
2019-07-12 10:35:47,319 INFO 85894 [egg-schedule]: register schedule /Users/wuchong/simon/projects/egg/egg-react-multipage/node_modules/egg-multipart/app/schedule/clean_tmpdir.js
2019-07-12 10:35:47,319 INFO 85894 [egg-schedule]: register schedule /Users/wuchong/simon/projects/egg/egg-react-multipage/node_modules/egg-logrotator/app/schedule/clean_log.js
2019-07-12 10:35:47,319 INFO 85894 [egg-schedule]: register schedule /Users/wuchong/simon/projects/egg/egg-react-multipage/node_modules/egg-logrotator/app/schedule/rotate_by_file.js
2019-07-12 10:35:54,306 INFO 85895 [egg-schedule]: register schedule /Users/wuchong/simon/projects/egg/egg-react-multipage/node_modules/egg-multipart/app/schedule/clean_tmpdir.js
2019-07-12 10:35:54,306 INFO 85895 [egg-schedule]: register schedule /Users/wuchong/simon/projects/egg/egg-react-multipage/node_modules/egg-logrotator/app/schedule/clean_log.js
2019-07-12 10:35:54,306 INFO 85895 [egg-schedule]: register schedule /Users/wuchong/simon/projects/egg/egg-react-multipage/node_modules/egg-logrotator/app/schedule/rotate_by_file.js
2019-07-12 10:37:01,344 INFO 85901 [egg-schedule]: register schedule /Users/wuchong/simon/projects/egg/egg-react-multipage/node_modules/egg-multipart/app/schedule/clean_tmpdir.js
2019-07-12 10:37:01,344 INFO 85901 [egg-schedule]: register schedule /Users/wuchong/simon/projects/egg/egg-react-multipage/node_modules/egg-logrotator/app/schedule/clean_log.js
2019-07-12 10:37:01,344 INFO 85901 [egg-schedule]: register schedule /Users/wuchong/simon/projects/egg/egg-react-multipage/node_modules/egg-logrotator/app/schedule/rotate_by_file.js
2019-07-12 10:37:10,365 INFO 85902 [egg-schedule]: register schedule /Users/wuchong/simon/projects/egg/egg-react-multipage/node_modules/egg-multipart/app/schedule/clean_tmpdir.js
2019-07-12 10:37:10,365 INFO 85902 [egg-schedule]: register schedule /Users/wuchong/simon/projects/egg/egg-react-multipage/node_modules/egg-logrotator/app/schedule/clean_log.js
2019-07-12 10:37:10,365 INFO 85902 [egg-schedule]: register schedule /Users/wuchong/simon/projects/egg/egg-react-multipage/node_modules/egg-logrotator/app/schedule/rotate_by_file.js
2019-07-12 10:37:22,100 INFO 85903 [egg-schedule]: register schedule /Users/wuchong/simon/projects/egg/egg-react-multipage/node_modules/egg-multipart/app/schedule/clean_tmpdir.js
2019-07-12 10:37:22,100 INFO 85903 [egg-schedule]: register schedule /Users/wuchong/simon/projects/egg/egg-react-multipage/node_modules/egg-logrotator/app/schedule/clean_log.js
2019-07-12 10:37:22,100 INFO 85903 [egg-schedule]: register schedule /Users/wuchong/simon/projects/egg/egg-react-multipage/node_modules/egg-logrotator/app/schedule/rotate_by_file.js
2019-07-12 10:37:42,343 INFO 85911 [egg-schedule]: register schedule /Users/wuchong/simon/projects/egg/egg-react-multipage/node_modules/egg-multipart/app/schedule/clean_tmpdir.js
2019-07-12 10:37:42,343 INFO 85911 [egg-schedule]: register schedule /Users/wuchong/simon/projects/egg/egg-react-multipage/node_modules/egg-logrotator/app/schedule/clean_log.js
2019-07-12 10:37:42,343 INFO 85911 [egg-schedule]: register schedule /Users/wuchong/simon/projects/egg/egg-react-multipage/node_modules/egg-logrotator/app/schedule/rotate_by_file.js
2019-07-12 10:37:48,633 INFO 85917 [Timer] /Users/wuchong/simon/projects/egg/egg-react-multipage/node_modules/egg-multipart/app/schedule/clean_tmpdir.js next time will execute after 64331371ms at 2019-07-13 04:30:00.004
2019-07-12 10:37:48,634 INFO 85917 [Timer] /Users/wuchong/simon/projects/egg/egg-react-multipage/node_modules/egg-logrotator/app/schedule/clean_log.js next time will execute after 48131366ms at 2019-07-13 00:00:00.000
2019-07-12 10:37:48,635 INFO 85917 [Timer] /Users/wuchong/simon/projects/egg/egg-react-multipage/node_modules/egg-logrotator/app/schedule/rotate_by_file.js next time will execute after 48132366ms at 2019-07-13 00:00:01.001
2019-07-12 10:37:48,490 INFO 85918 [egg-schedule]: register schedule /Users/wuchong/simon/projects/egg/egg-react-multipage/node_modules/egg-multipart/app/schedule/clean_tmpdir.js
2019-07-12 10:37:48,490 INFO 85918 [egg-schedule]: register schedule /Users/wuchong/simon/projects/egg/egg-react-multipage/node_modules/egg-logrotator/app/schedule/clean_log.js
2019-07-12 10:37:48,490 INFO 85918 [egg-schedule]: register schedule /Users/wuchong/simon/projects/egg/egg-react-multipage/node_modules/egg-logrotator/app/schedule/rotate_by_file.js
2019-07-12 10:38:58,640 INFO 85929 [egg-schedule]: register schedule /Users/wuchong/simon/projects/egg/egg-react-multipage/node_modules/egg-multipart/app/schedule/clean_tmpdir.js
2019-07-12 10:38:58,640 INFO 85929 [egg-schedule]: register schedule /Users/wuchong/simon/projects/egg/egg-react-multipage/node_modules/egg-logrotator/app/schedule/clean_log.js
2019-07-12 10:38:58,640 INFO 85929 [egg-schedule]: register schedule /Users/wuchong/simon/projects/egg/egg-react-multipage/node_modules/egg-logrotator/app/schedule/rotate_by_file.js
2019-07-12 10:58:01,599 INFO 86045 [Timer] /Users/wuchong/simon/projects/egg/egg-react-multipage/node_modules/egg-multipart/app/schedule/clean_tmpdir.js next time will execute after 63118404ms at 2019-07-13 04:30:00.003
2019-07-12 10:58:01,599 INFO 86045 [Timer] /Users/wuchong/simon/projects/egg/egg-react-multipage/node_modules/egg-logrotator/app/schedule/clean_log.js next time will execute after 46918401ms at 2019-07-13 00:00:00.000
2019-07-12 10:58:01,600 INFO 86045 [Timer] /Users/wuchong/simon/projects/egg/egg-react-multipage/node_modules/egg-logrotator/app/schedule/rotate_by_file.js next time will execute after 46919400ms at 2019-07-13 00:00:01.000
2019-07-12 10:58:01,438 INFO 86046 [egg-schedule]: register schedule /Users/wuchong/simon/projects/egg/egg-react-multipage/node_modules/egg-multipart/app/schedule/clean_tmpdir.js
2019-07-12 10:58:01,438 INFO 86046 [egg-schedule]: register schedule /Users/wuchong/simon/projects/egg/egg-react-multipage/node_modules/egg-logrotator/app/schedule/clean_log.js
2019-07-12 10:58:01,438 INFO 86046 [egg-schedule]: register schedule /Users/wuchong/simon/projects/egg/egg-react-multipage/node_modules/egg-logrotator/app/schedule/rotate_by_file.js
2019-07-12 10:58:33,662 INFO 86049 [egg-schedule]: register schedule /Users/wuchong/simon/projects/egg/egg-react-multipage/node_modules/egg-multipart/app/schedule/clean_tmpdir.js
2019-07-12 10:58:33,663 INFO 86049 [egg-schedule]: register schedule /Users/wuchong/simon/projects/egg/egg-react-multipage/node_modules/egg-logrotator/app/schedule/clean_log.js
2019-07-12 10:58:33,663 INFO 86049 [egg-schedule]: register schedule /Users/wuchong/simon/projects/egg/egg-react-multipage/node_modules/egg-logrotator/app/schedule/rotate_by_file.js
2019-07-12 11:00:36,490 INFO 86070 [egg-schedule]: register schedule /Users/wuchong/simon/projects/egg/egg-react-multipage/node_modules/egg-multipart/app/schedule/clean_tmpdir.js
2019-07-12 11:00:36,490 INFO 86070 [egg-schedule]: register schedule /Users/wuchong/simon/projects/egg/egg-react-multipage/node_modules/egg-logrotator/app/schedule/clean_log.js
2019-07-12 11:00:36,490 INFO 86070 [egg-schedule]: register schedule /Users/wuchong/simon/projects/egg/egg-react-multipage/node_modules/egg-logrotator/app/schedule/rotate_by_file.js
2019-07-12 11:01:02,538 INFO 86076 [egg-schedule]: register schedule /Users/wuchong/simon/projects/egg/egg-react-multipage/node_modules/egg-multipart/app/schedule/clean_tmpdir.js
2019-07-12 11:01:02,538 INFO 86076 [egg-schedule]: register schedule /Users/wuchong/simon/projects/egg/egg-react-multipage/node_modules/egg-logrotator/app/schedule/clean_log.js
2019-07-12 11:01:02,538 INFO 86076 [egg-schedule]: register schedule /Users/wuchong/simon/projects/egg/egg-react-multipage/node_modules/egg-logrotator/app/schedule/rotate_by_file.js
2019-07-12 11:05:30,629 INFO 86112 [egg-schedule]: register schedule /Users/wuchong/simon/projects/egg/egg-react-multipage/node_modules/egg-multipart/app/schedule/clean_tmpdir.js
2019-07-12 11:05:30,629 INFO 86112 [egg-schedule]: register schedule /Users/wuchong/simon/projects/egg/egg-react-multipage/node_modules/egg-logrotator/app/schedule/clean_log.js
2019-07-12 11:05:30,629 INFO 86112 [egg-schedule]: register schedule /Users/wuchong/simon/projects/egg/egg-react-multipage/node_modules/egg-logrotator/app/schedule/rotate_by_file.js
2019-07-12 11:05:48,189 INFO 86115 [egg-schedule]: register schedule /Users/wuchong/simon/projects/egg/egg-react-multipage/node_modules/egg-multipart/app/schedule/clean_tmpdir.js
2019-07-12 11:05:48,189 INFO 86115 [egg-schedule]: register schedule /Users/wuchong/simon/projects/egg/egg-react-multipage/node_modules/egg-logrotator/app/schedule/clean_log.js
2019-07-12 11:05:48,190 INFO 86115 [egg-schedule]: register schedule /Users/wuchong/simon/projects/egg/egg-react-multipage/node_modules/egg-logrotator/app/schedule/rotate_by_file.js
2019-07-12 11:05:57,486 INFO 86118 [egg-schedule]: register schedule /Users/wuchong/simon/projects/egg/egg-react-multipage/node_modules/egg-multipart/app/schedule/clean_tmpdir.js
2019-07-12 11:05:57,486 INFO 86118 [egg-schedule]: register schedule /Users/wuchong/simon/projects/egg/egg-react-multipage/node_modules/egg-logrotator/app/schedule/clean_log.js
2019-07-12 11:05:57,486 INFO 86118 [egg-schedule]: register schedule /Users/wuchong/simon/projects/egg/egg-react-multipage/node_modules/egg-logrotator/app/schedule/rotate_by_file.js
2019-07-12 11:05:58,723 INFO 86119 [egg-schedule]: register schedule /Users/wuchong/simon/projects/egg/egg-react-multipage/node_modules/egg-multipart/app/schedule/clean_tmpdir.js
2019-07-12 11:05:58,723 INFO 86119 [egg-schedule]: register schedule /Users/wuchong/simon/projects/egg/egg-react-multipage/node_modules/egg-logrotator/app/schedule/clean_log.js
2019-07-12 11:05:58,723 INFO 86119 [egg-schedule]: register schedule /Users/wuchong/simon/projects/egg/egg-react-multipage/node_modules/egg-logrotator/app/schedule/rotate_by_file.js
2019-07-12 11:06:15,966 INFO 86128 [Timer] /Users/wuchong/simon/projects/egg/egg-react-multipage/node_modules/egg-multipart/app/schedule/clean_tmpdir.js next time will execute after 62624037ms at 2019-07-13 04:30:00.003
2019-07-12 11:06:15,967 INFO 86128 [Timer] /Users/wuchong/simon/projects/egg/egg-react-multipage/node_modules/egg-logrotator/app/schedule/clean_log.js next time will execute after 46424034ms at 2019-07-13 00:00:00.001
2019-07-12 11:06:15,967 INFO 86128 [Timer] /Users/wuchong/simon/projects/egg/egg-react-multipage/node_modules/egg-logrotator/app/schedule/rotate_by_file.js next time will execute after 46425033ms at 2019-07-13 00:00:01.000
2019-07-12 11:06:15,847 INFO 86129 [egg-schedule]: register schedule /Users/wuchong/simon/projects/egg/egg-react-multipage/node_modules/egg-multipart/app/schedule/clean_tmpdir.js
2019-07-12 11:06:15,847 INFO 86129 [egg-schedule]: register schedule /Users/wuchong/simon/projects/egg/egg-react-multipage/node_modules/egg-logrotator/app/schedule/clean_log.js
2019-07-12 11:06:15,847 INFO 86129 [egg-schedule]: register schedule /Users/wuchong/simon/projects/egg/egg-react-multipage/node_modules/egg-logrotator/app/schedule/rotate_by_file.js
2019-07-12 11:12:11,013 INFO 86156 [Timer] /Users/wuchong/simon/projects/egg/egg-react-multipage/node_modules/egg-multipart/app/schedule/clean_tmpdir.js next time will execute after 62268990ms at 2019-07-13 04:30:00.003
2019-07-12 11:12:11,014 INFO 86156 [Timer] /Users/wuchong/simon/projects/egg/egg-react-multipage/node_modules/egg-logrotator/app/schedule/clean_log.js next time will execute after 46068986ms at 2019-07-13 00:00:00.000
2019-07-12 11:12:11,014 INFO 86156 [Timer] /Users/wuchong/simon/projects/egg/egg-react-multipage/node_modules/egg-logrotator/app/schedule/rotate_by_file.js next time will execute after 46069986ms at 2019-07-13 00:00:01.000
2019-07-12 11:12:10,876 INFO 86157 [egg-schedule]: register schedule /Users/wuchong/simon/projects/egg/egg-react-multipage/node_modules/egg-multipart/app/schedule/clean_tmpdir.js
2019-07-12 11:12:10,876 INFO 86157 [egg-schedule]: register schedule /Users/wuchong/simon/projects/egg/egg-react-multipage/node_modules/egg-logrotator/app/schedule/clean_log.js
2019-07-12 11:12:10,876 INFO 86157 [egg-schedule]: register schedule /Users/wuchong/simon/projects/egg/egg-react-multipage/node_modules/egg-logrotator/app/schedule/rotate_by_file.js
2019-07-12 11:13:57,997 INFO 86175 [Timer] /Users/wuchong/simon/projects/egg/egg-react-multipage/node_modules/egg-multipart/app/schedule/clean_tmpdir.js next time will execute after 62162006ms at 2019-07-13 04:30:00.003
2019-07-12 11:13:57,998 INFO 86175 [Timer] /Users/wuchong/simon/projects/egg/egg-react-multipage/node_modules/egg-logrotator/app/schedule/clean_log.js next time will execute after 45962003ms at 2019-07-13 00:00:00.001
2019-07-12 11:13:57,998 INFO 86175 [Timer] /Users/wuchong/simon/projects/egg/egg-react-multipage/node_modules/egg-logrotator/app/schedule/rotate_by_file.js next time will execute after 45963002ms at 2019-07-13 00:00:01.000
2019-07-12 11:13:57,867 INFO 86176 [egg-schedule]: register schedule /Users/wuchong/simon/projects/egg/egg-react-multipage/node_modules/egg-multipart/app/schedule/clean_tmpdir.js
2019-07-12 11:13:57,867 INFO 86176 [egg-schedule]: register schedule /Users/wuchong/simon/projects/egg/egg-react-multipage/node_modules/egg-logrotator/app/schedule/clean_log.js
2019-07-12 11:13:57,867 INFO 86176 [egg-schedule]: register schedule /Users/wuchong/simon/projects/egg/egg-react-multipage/node_modules/egg-logrotator/app/schedule/rotate_by_file.js
2019-07-12 11:17:05,208 INFO 86189 [egg-schedule]: register schedule /Users/wuchong/simon/projects/egg/egg-react-multipage/node_modules/egg-multipart/app/schedule/clean_tmpdir.js
2019-07-12 11:17:05,208 INFO 86189 [egg-schedule]: register schedule /Users/wuchong/simon/projects/egg/egg-react-multipage/node_modules/egg-logrotator/app/schedule/clean_log.js
2019-07-12 11:17:05,208 INFO 86189 [egg-schedule]: register schedule /Users/wuchong/simon/projects/egg/egg-react-multipage/node_modules/egg-logrotator/app/schedule/rotate_by_file.js
2019-07-12 11:17:18,949 INFO 86190 [egg-schedule]: register schedule /Users/wuchong/simon/projects/egg/egg-react-multipage/node_modules/egg-multipart/app/schedule/clean_tmpdir.js
2019-07-12 11:17:18,949 INFO 86190 [egg-schedule]: register schedule /Users/wuchong/simon/projects/egg/egg-react-multipage/node_modules/egg-logrotator/app/schedule/clean_log.js
2019-07-12 11:17:18,949 INFO 86190 [egg-schedule]: register schedule /Users/wuchong/simon/projects/egg/egg-react-multipage/node_modules/egg-logrotator/app/schedule/rotate_by_file.js
2019-07-12 11:18:01,628 INFO 86192 [egg-schedule]: register schedule /Users/wuchong/simon/projects/egg/egg-react-multipage/node_modules/egg-multipart/app/schedule/clean_tmpdir.js
2019-07-12 11:18:01,628 INFO 86192 [egg-schedule]: register schedule /Users/wuchong/simon/projects/egg/egg-react-multipage/node_modules/egg-logrotator/app/schedule/clean_log.js
2019-07-12 11:18:01,628 INFO 86192 [egg-schedule]: register schedule /Users/wuchong/simon/projects/egg/egg-react-multipage/node_modules/egg-logrotator/app/schedule/rotate_by_file.js
2019-07-12 11:18:13,295 INFO 86193 [egg-schedule]: register schedule /Users/wuchong/simon/projects/egg/egg-react-multipage/node_modules/egg-multipart/app/schedule/clean_tmpdir.js
2019-07-12 11:18:13,295 INFO 86193 [egg-schedule]: register schedule /Users/wuchong/simon/projects/egg/egg-react-multipage/node_modules/egg-logrotator/app/schedule/clean_log.js
2019-07-12 11:18:13,295 INFO 86193 [egg-schedule]: register schedule /Users/wuchong/simon/projects/egg/egg-react-multipage/node_modules/egg-logrotator/app/schedule/rotate_by_file.js
2019-07-12 11:18:18,447 INFO 86194 [egg-schedule]: register schedule /Users/wuchong/simon/projects/egg/egg-react-multipage/node_modules/egg-multipart/app/schedule/clean_tmpdir.js
2019-07-12 11:18:18,447 INFO 86194 [egg-schedule]: register schedule /Users/wuchong/simon/projects/egg/egg-react-multipage/node_modules/egg-logrotator/app/schedule/clean_log.js
2019-07-12 11:18:18,447 INFO 86194 [egg-schedule]: register schedule /Users/wuchong/simon/projects/egg/egg-react-multipage/node_modules/egg-logrotator/app/schedule/rotate_by_file.js
2019-07-12 11:18:30,151 INFO 86195 [egg-schedule]: register schedule /Users/wuchong/simon/projects/egg/egg-react-multipage/node_modules/egg-multipart/app/schedule/clean_tmpdir.js
2019-07-12 11:18:30,151 INFO 86195 [egg-schedule]: register schedule /Users/wuchong/simon/projects/egg/egg-react-multipage/node_modules/egg-logrotator/app/schedule/clean_log.js
2019-07-12 11:18:30,151 INFO 86195 [egg-schedule]: register schedule /Users/wuchong/simon/projects/egg/egg-react-multipage/node_modules/egg-logrotator/app/schedule/rotate_by_file.js
2019-07-12 11:22:57,768 INFO 86228 [Timer] /Users/wuchong/simon/projects/egg/egg-react-multipage/node_modules/egg-multipart/app/schedule/clean_tmpdir.js next time will execute after 61622238ms at 2019-07-13 04:30:00.006
2019-07-12 11:22:57,768 INFO 86228 [Timer] /Users/wuchong/simon/projects/egg/egg-react-multipage/node_modules/egg-logrotator/app/schedule/clean_log.js next time will execute after 45422232ms at 2019-07-13 00:00:00.000
2019-07-12 11:22:57,769 INFO 86228 [Timer] /Users/wuchong/simon/projects/egg/egg-react-multipage/node_modules/egg-logrotator/app/schedule/rotate_by_file.js next time will execute after 45423232ms at 2019-07-13 00:00:01.001
2019-07-12 11:22:57,560 INFO 86229 [egg-schedule]: register schedule /Users/wuchong/simon/projects/egg/egg-react-multipage/node_modules/egg-multipart/app/schedule/clean_tmpdir.js
2019-07-12 11:22:57,560 INFO 86229 [egg-schedule]: register schedule /Users/wuchong/simon/projects/egg/egg-react-multipage/node_modules/egg-logrotator/app/schedule/clean_log.js
2019-07-12 11:22:57,560 INFO 86229 [egg-schedule]: register schedule /Users/wuchong/simon/projects/egg/egg-react-multipage/node_modules/egg-logrotator/app/schedule/rotate_by_file.js
2019-07-12 11:25:51,654 INFO 86263 [Timer] /Users/wuchong/simon/projects/egg/egg-react-multipage/node_modules/egg-multipart/app/schedule/clean_tmpdir.js next time will execute after 61448349ms at 2019-07-13 04:30:00.003
2019-07-12 11:25:51,655 INFO 86263 [Timer] /Users/wuchong/simon/projects/egg/egg-react-multipage/node_modules/egg-logrotator/app/schedule/clean_log.js next time will execute after 45248345ms at 2019-07-13 00:00:00.000
2019-07-12 11:25:51,656 INFO 86263 [Timer] /Users/wuchong/simon/projects/egg/egg-react-multipage/node_modules/egg-logrotator/app/schedule/rotate_by_file.js next time will execute after 45249345ms at 2019-07-13 00:00:01.001
2019-07-12 11:25:51,525 INFO 86264 [egg-schedule]: register schedule /Users/wuchong/simon/projects/egg/egg-react-multipage/node_modules/egg-multipart/app/schedule/clean_tmpdir.js
2019-07-12 11:25:51,525 INFO 86264 [egg-schedule]: register schedule /Users/wuchong/simon/projects/egg/egg-react-multipage/node_modules/egg-logrotator/app/schedule/clean_log.js
2019-07-12 11:25:51,525 INFO 86264 [egg-schedule]: register schedule /Users/wuchong/simon/projects/egg/egg-react-multipage/node_modules/egg-logrotator/app/schedule/rotate_by_file.js
2019-07-12 11:26:13,004 INFO 86271 [Timer] /Users/wuchong/simon/projects/egg/egg-react-multipage/node_modules/egg-multipart/app/schedule/clean_tmpdir.js next time will execute after 61426999ms at 2019-07-13 04:30:00.003
2019-07-12 11:26:13,004 INFO 86271 [Timer] /Users/wuchong/simon/projects/egg/egg-react-multipage/node_modules/egg-logrotator/app/schedule/clean_log.js next time will execute after 45226996ms at 2019-07-13 00:00:00.000
2019-07-12 11:26:13,005 INFO 86271 [Timer] /Users/wuchong/simon/projects/egg/egg-react-multipage/node_modules/egg-logrotator/app/schedule/rotate_by_file.js next time will execute after 45227995ms at 2019-07-13 00:00:01.000
2019-07-12 11:26:12,834 INFO 86272 [egg-schedule]: register schedule /Users/wuchong/simon/projects/egg/egg-react-multipage/node_modules/egg-multipart/app/schedule/clean_tmpdir.js
2019-07-12 11:26:12,834 INFO 86272 [egg-schedule]: register schedule /Users/wuchong/simon/projects/egg/egg-react-multipage/node_modules/egg-logrotator/app/schedule/clean_log.js
2019-07-12 11:26:12,834 INFO 86272 [egg-schedule]: register schedule /Users/wuchong/simon/projects/egg/egg-react-multipage/node_modules/egg-logrotator/app/schedule/rotate_by_file.js
2019-07-12 11:26:16,243 INFO 86275 [egg-schedule]: register schedule /Users/wuchong/simon/projects/egg/egg-react-multipage/node_modules/egg-multipart/app/schedule/clean_tmpdir.js
2019-07-12 11:26:16,243 INFO 86275 [egg-schedule]: register schedule /Users/wuchong/simon/projects/egg/egg-react-multipage/node_modules/egg-logrotator/app/schedule/clean_log.js
2019-07-12 11:26:16,243 INFO 86275 [egg-schedule]: register schedule /Users/wuchong/simon/projects/egg/egg-react-multipage/node_modules/egg-logrotator/app/schedule/rotate_by_file.js
2019-07-12 11:30:46,939 INFO 86339 [Timer] /Users/wuchong/simon/projects/egg/egg-react-multipage/node_modules/egg-multipart/app/schedule/clean_tmpdir.js next time will execute after 61153064ms at 2019-07-13 04:30:00.003
2019-07-12 11:30:46,939 INFO 86339 [Timer] /Users/wuchong/simon/projects/egg/egg-react-multipage/node_modules/egg-logrotator/app/schedule/clean_log.js next time will execute after 44953061ms at 2019-07-13 00:00:00.000
2019-07-12 11:30:46,940 INFO 86339 [Timer] /Users/wuchong/simon/projects/egg/egg-react-multipage/node_modules/egg-logrotator/app/schedule/rotate_by_file.js next time will execute after 44954060ms at 2019-07-13 00:00:01.000
2019-07-12 11:30:46,764 INFO 86340 [egg-schedule]: register schedule /Users/wuchong/simon/projects/egg/egg-react-multipage/node_modules/egg-multipart/app/schedule/clean_tmpdir.js
2019-07-12 11:30:46,764 INFO 86340 [egg-schedule]: register schedule /Users/wuchong/simon/projects/egg/egg-react-multipage/node_modules/egg-logrotator/app/schedule/clean_log.js
2019-07-12 11:30:46,764 INFO 86340 [egg-schedule]: register schedule /Users/wuchong/simon/projects/egg/egg-react-multipage/node_modules/egg-logrotator/app/schedule/rotate_by_file.js
2019-07-12 11:32:39,328 INFO 86348 [Timer] /Users/wuchong/simon/projects/egg/egg-react-multipage/node_modules/egg-multipart/app/schedule/clean_tmpdir.js next time will execute after 61040675ms at 2019-07-13 04:30:00.003
2019-07-12 11:32:39,328 INFO 86348 [Timer] /Users/wuchong/simon/projects/egg/egg-react-multipage/node_modules/egg-logrotator/app/schedule/clean_log.js next time will execute after 44840672ms at 2019-07-13 00:00:00.000
2019-07-12 11:32:39,329 INFO 86348 [Timer] /Users/wuchong/simon/projects/egg/egg-react-multipage/node_modules/egg-logrotator/app/schedule/rotate_by_file.js next time will execute after 44841672ms at 2019-07-13 00:00:01.001
2019-07-12 11:32:39,149 INFO 86349 [egg-schedule]: register schedule /Users/wuchong/simon/projects/egg/egg-react-multipage/node_modules/egg-multipart/app/schedule/clean_tmpdir.js
2019-07-12 11:32:39,149 INFO 86349 [egg-schedule]: register schedule /Users/wuchong/simon/projects/egg/egg-react-multipage/node_modules/egg-logrotator/app/schedule/clean_log.js
2019-07-12 11:32:39,149 INFO 86349 [egg-schedule]: register schedule /Users/wuchong/simon/projects/egg/egg-react-multipage/node_modules/egg-logrotator/app/schedule/rotate_by_file.js
2019-07-12 11:35:59,545 INFO 86385 [egg-schedule]: register schedule /Users/wuchong/simon/projects/egg/egg-react-multipage/node_modules/egg-multipart/app/schedule/clean_tmpdir.js
2019-07-12 11:35:59,545 INFO 86385 [egg-schedule]: register schedule /Users/wuchong/simon/projects/egg/egg-react-multipage/node_modules/egg-logrotator/app/schedule/clean_log.js
2019-07-12 11:35:59,545 INFO 86385 [egg-schedule]: register schedule /Users/wuchong/simon/projects/egg/egg-react-multipage/node_modules/egg-logrotator/app/schedule/rotate_by_file.js
2019-07-12 11:36:22,528 INFO 86388 [egg-schedule]: register schedule /Users/wuchong/simon/projects/egg/egg-react-multipage/node_modules/egg-multipart/app/schedule/clean_tmpdir.js
2019-07-12 11:36:22,528 INFO 86388 [egg-schedule]: register schedule /Users/wuchong/simon/projects/egg/egg-react-multipage/node_modules/egg-logrotator/app/schedule/clean_log.js
2019-07-12 11:36:22,528 INFO 86388 [egg-schedule]: register schedule /Users/wuchong/simon/projects/egg/egg-react-multipage/node_modules/egg-logrotator/app/schedule/rotate_by_file.js
